This file contains any messages produced by compilers while
running configure, to aid debugging if configure makes a mistake.

It was created by Roomy configure 0.9.1, which was
generated by GNU Autoconf 2.63.  Invocation command line was

  $ ./configure 

## --------- ##
## Platform. ##
## --------- ##

hostname = jie-4820TG
uname -m = x86_64
uname -r = 2.6.35-28-generic
uname -s = Linux
uname -v = #49-Ubuntu SMP Tue Mar 1 14:39:03 UTC 2011

/usr/bin/uname -p = unknown
/bin/uname -X     = unknown

/bin/arch              = unknown
/usr/bin/arch -k       = unknown
/usr/convex/getsysinfo = unknown
/usr/bin/hostinfo      = unknown
/bin/machine           = unknown
/usr/bin/oslevel       = unknown
/bin/universe          = unknown

PATH: /usr/local/sbin
PATH: /usr/local/bin
PATH: /usr/sbin
PATH: /usr/bin
PATH: /sbin
PATH: /bin
PATH: /usr/games


## ----------- ##
## Core tests. ##
## ----------- ##

configure:1829: checking for a BSD-compatible install
configure:1897: result: /usr/bin/install -c
configure:1908: checking whether build environment is sane
configure:1951: result: yes
configure:1976: checking for a thread-safe mkdir -p
configure:2015: result: /bin/mkdir -p
configure:2028: checking for gawk
configure:2058: result: no
configure:2028: checking for mawk
configure:2044: found /usr/bin/mawk
configure:2055: result: mawk
configure:2066: checking whether make sets $(MAKE)
configure:2088: result: yes
configure:2274: checking whether ln -s works
configure:2278: result: yes
configure:2328: checking for ranlib
configure:2344: found /usr/bin/ranlib
configure:2355: result: ranlib
configure:2391: checking for a BSD-compatible install
configure:2459: result: /usr/bin/install -c
configure:2470: checking whether make sets $(MAKE)
configure:2492: result: yes
configure:2515: checking for style of include used by make
configure:2543: result: GNU
configure:2613: checking for gcc
configure:2629: found /usr/bin/gcc
configure:2640: result: gcc
configure:2872: checking for C compiler version
configure:2880: gcc --version >&5
gcc (Ubuntu/Linaro 4.4.4-14ubuntu5) 4.4.5
Copyright (C) 2010 Free Software Foundation, Inc.
This is free software; see the source for copying conditions.  There is NO
warranty; not even for MERCHANTABILITY or FITNESS FOR A PARTICULAR PURPOSE.

configure:2884: $? = 0
configure:2891: gcc -v >&5
Using built-in specs.
Target: x86_64-linux-gnu
Configured with: ../src/configure -v --with-pkgversion='Ubuntu/Linaro 4.4.4-14ubuntu5' --with-bugurl=file:///usr/share/doc/gcc-4.4/README.Bugs --enable-languages=c,c++,fortran,objc,obj-c++ --prefix=/usr --program-suffix=-4.4 --enable-shared --enable-multiarch --enable-linker-build-id --with-system-zlib --libexecdir=/usr/lib --without-included-gettext --enable-threads=posix --with-gxx-include-dir=/usr/include/c++/4.4 --libdir=/usr/lib --enable-nls --with-sysroot=/ --enable-clocale=gnu --enable-libstdcxx-debug --enable-objc-gc --disable-werror --with-arch-32=i686 --with-tune=generic --enable-checking=release --build=x86_64-linux-gnu --host=x86_64-linux-gnu --target=x86_64-linux-gnu
Thread model: posix
gcc version 4.4.5 (Ubuntu/Linaro 4.4.4-14ubuntu5) 
configure:2895: $? = 0
configure:2902: gcc -V >&5
gcc: '-V' option must have argument
configure:2906: $? = 1
configure:2929: checking for C compiler default output file name
configure:2951: gcc    conftest.c  >&5
configure:2955: $? = 0
configure:2993: result: a.out
configure:3012: checking whether the C compiler works
configure:3022: ./a.out
configure:3026: $? = 0
configure:3045: result: yes
configure:3052: checking whether we are cross compiling
configure:3054: result: no
configure:3057: checking for suffix of executables
configure:3064: gcc -o conftest    conftest.c  >&5
configure:3068: $? = 0
configure:3094: result: 
configure:3100: checking for suffix of object files
configure:3126: gcc -c   conftest.c >&5
configure:3130: $? = 0
configure:3155: result: o
configure:3159: checking whether we are using the GNU C compiler
configure:3188: gcc -c   conftest.c >&5
configure:3195: $? = 0
configure:3212: result: yes
configure:3221: checking whether gcc accepts -g
configure:3251: gcc -c -g  conftest.c >&5
configure:3258: $? = 0
configure:3359: result: yes
configure:3376: checking for gcc option to accept ISO C89
configure:3450: gcc  -c -g -O2  conftest.c >&5
configure:3457: $? = 0
configure:3480: result: none needed
configure:3500: checking dependency style of gcc
configure:3591: result: gcc3
configure:3608: checking for pthread_create in -lpthread
configure:3643: gcc -o conftest -g -O2   conftest.c -lpthread   >&5
configure:3650: $? = 0
configure:3671: result: yes
configure:3683: checking for MPI_Init_thread in -lmpich
configure:3718: gcc -o conftest -g -O2   conftest.c -lmpich  -lpthread  >&5
configure:3725: $? = 0
configure:3746: result: yes
configure:3761: checking for mpicc
configure:3788: result: gcc
configure:3952: creating ./config.status

## ---------------------- ##
## Running config.status. ##
## ---------------------- ##

This file was extended by Roomy config.status 0.9.1, which was
generated by GNU Autoconf 2.63.  Invocation command line was

  CONFIG_FILES    = 
  CONFIG_HEADERS  = 
  CONFIG_LINKS    = 
  CONFIG_COMMANDS = 
  $ ./config.status 

on jie-4820TG

config.status:691: creating Makefile
config.status:691: creating src/Makefile
config.status:691: creating src/tests/Makefile
config.status:902: executing depfiles commands

## ---------------- ##
## Cache variables. ##
## ---------------- ##

ac_cv_c_compiler_gnu=yes
ac_cv_env_CC_set=
ac_cv_env_CC_value=
ac_cv_env_CFLAGS_set=
ac_cv_env_CFLAGS_value=
ac_cv_env_CPPFLAGS_set=
ac_cv_env_CPPFLAGS_value=
ac_cv_env_LDFLAGS_set=
ac_cv_env_LDFLAGS_value=
ac_cv_env_LIBS_set=set
ac_cv_env_LIBS_value=
ac_cv_env_build_alias_set=
ac_cv_env_build_alias_value=
ac_cv_env_host_alias_set=
ac_cv_env_host_alias_value=
ac_cv_env_target_alias_set=
ac_cv_env_target_alias_value=
ac_cv_lib_mpich_MPI_Init_thread=yes
ac_cv_lib_pthread_pthread_create=yes
ac_cv_objext=o
ac_cv_path_install='/usr/bin/install -c'
ac_cv_path_mkdir=/bin/mkdir
ac_cv_prog_AWK=mawk
ac_cv_prog_CC=gcc
ac_cv_prog_ac_ct_CC=gcc
ac_cv_prog_ac_ct_RANLIB=ranlib
ac_cv_prog_cc_c89=
ac_cv_prog_cc_g=yes
ac_cv_prog_make_make_set=yes
am_cv_CC_dependencies_compiler_type=gcc3

## ----------------- ##
## Output variables. ##
## ----------------- ##

ACLOCAL='${SHELL} /home/jie/Desktop/roomy-0.9.1/missing --run aclocal-1.10'
AMDEPBACKSLASH='\'
AMDEP_FALSE='#'
AMDEP_TRUE=''
AMTAR='${SHELL} /home/jie/Desktop/roomy-0.9.1/missing --run tar'
AUTOCONF='${SHELL} /home/jie/Desktop/roomy-0.9.1/missing --run autoconf'
AUTOHEADER='${SHELL} /home/jie/Desktop/roomy-0.9.1/missing --run autoheader'
AUTOMAKE='${SHELL} /home/jie/Desktop/roomy-0.9.1/missing --run automake-1.10'
AWK='mawk'
CC='gcc'
CCDEPMODE='depmode=gcc3'
CFLAGS='-g -O2'
CPPFLAGS=''
CYGPATH_W='echo'
DEFS='-DPACKAGE_NAME=\"Roomy\" -DPACKAGE_TARNAME=\"roomy\" -DPACKAGE_VERSION=\"0.9.1\" -DPACKAGE_STRING=\"Roomy\ 0.9.1\" -DPACKAGE_BUGREPORT=\"Dan\ Kunkle\ \<kunkle@gmail.com\>\" -DPACKAGE=\"roomy\" -DVERSION=\"0.9.1\" -DHAVE_LIBPTHREAD=1 -DHAVE_LIBMPICH=1'
DEPDIR='.deps'
ECHO_C=''
ECHO_N='-n'
ECHO_T=''
EXEEXT=''
INSTALL_DATA='${INSTALL} -m 644'
INSTALL_PROGRAM='${INSTALL}'
INSTALL_SCRIPT='${INSTALL}'
INSTALL_STRIP_PROGRAM='$(install_sh) -c -s'
LDFLAGS=''
LIBOBJS=''
LIBS='-lmpich -lpthread '
LN_S='ln -s'
LTLIBOBJS=''
MAKEINFO='${SHELL} /home/jie/Desktop/roomy-0.9.1/missing --run makeinfo'
MKDIR_P='/bin/mkdir -p'
OBJEXT='o'
PACKAGE='roomy'
PACKAGE_BUGREPORT='Dan Kunkle <kunkle@gmail.com>'
PACKAGE_NAME='Roomy'
PACKAGE_STRING='Roomy 0.9.1'
PACKAGE_TARNAME='roomy'
PACKAGE_VERSION='0.9.1'
PATH_SEPARATOR=':'
RANLIB='ranlib'
SET_MAKE=''
SHELL='/bin/bash'
STRIP=''
VERSION='0.9.1'
ac_ct_CC='gcc'
am__fastdepCC_FALSE='#'
am__fastdepCC_TRUE=''
am__include='include'
am__isrc=''
am__leading_dot='.'
am__quote=''
am__tar='${AMTAR} chof - "$$tardir"'
am__untar='${AMTAR} xf -'
bindir='${exec_prefix}/bin'
build_alias=''
datadir='${datarootdir}'
datarootdir='${prefix}/share'
docdir='${datarootdir}/doc/${PACKAGE_TARNAME}'
dvidir='${docdir}'
exec_prefix='${prefix}'
host_alias=''
htmldir='${docdir}'
includedir='${prefix}/include'
infodir='${datarootdir}/info'
install_sh='$(SHELL) /home/jie/Desktop/roomy-0.9.1/install-sh'
libdir='${exec_prefix}/lib'
libexecdir='${exec_prefix}/libexec'
localedir='${datarootdir}/locale'
localstatedir='${prefix}/var'
mandir='${datarootdir}/man'
mkdir_p='/bin/mkdir -p'
oldincludedir='/usr/include'
pdfdir='${docdir}'
prefix='/usr/local'
program_transform_name='s,x,x,'
psdir='${docdir}'
sbindir='${exec_prefix}/sbin'
sharedstatedir='${prefix}/com'
sysconfdir='${prefix}/etc'
target_alias=''

## ----------- ##
## confdefs.h. ##
## ----------- ##

#define PACKAGE_NAME "Roomy"
#define PACKAGE_TARNAME "roomy"
#define PACKAGE_VERSION "0.9.1"
#define PACKAGE_STRING "Roomy 0.9.1"
#define PACKAGE_BUGREPORT "Dan Kunkle <kunkle@gmail.com>"
#define PACKAGE "roomy"
#define VERSION "0.9.1"
#define HAVE_LIBPTHREAD 1
#define HAVE_LIBMPICH 1

configure: exit 0
